{"date":"Tue Jan 06 2026 12:08:10 GMT-0600 (GMT-06:00)","error":{"diagnosticCodes":[2459]},"exception":true,"level":"error","message":"uncaughtException: ⨯ Unable to compile TypeScript:\n\u001b[96msrc/server.ts\u001b[0m:\u001b[93m5\u001b[0m:\u001b[93m10\u001b[0m - \u001b[91merror\u001b[0m\u001b[90m TS2459: \u001b[0mModule '\"../src/routes/index.router\"' declares 'router' locally, but it is not exported.\r\n\r\n\u001b[7m5\u001b[0m import { router } from '../src/routes/index.router';\r\n\u001b[7m \u001b[0m \u001b[91m         ~~~~~~\u001b[0m\r\n\r\n  \u001b[96msrc/routes/index.router.ts\u001b[0m:\u001b[93m2\u001b[0m:\u001b[93m7\u001b[0m\r\n    \u001b[7m2\u001b[0m const router = express.Router();\r\n    \u001b[7m \u001b[0m \u001b[96m      ~~~~~~\u001b[0m\r\n    'router' is declared here.\r\n\nTSError: ⨯ Unable to compile TypeScript:\n\u001b[96msrc/server.ts\u001b[0m:\u001b[93m5\u001b[0m:\u001b[93m10\u001b[0m - \u001b[91merror\u001b[0m\u001b[90m TS2459: \u001b[0mModule '\"../src/routes/index.router\"' declares 'router' locally, but it is not exported.\r\n\r\n\u001b[7m5\u001b[0m import { router } from '../src/routes/index.router';\r\n\u001b[7m \u001b[0m \u001b[91m         ~~~~~~\u001b[0m\r\n\r\n  \u001b[96msrc/routes/index.router.ts\u001b[0m:\u001b[93m2\u001b[0m:\u001b[93m7\u001b[0m\r\n    \u001b[7m2\u001b[0m const router = express.Router();\r\n    \u001b[7m \u001b[0m \u001b[96m      ~~~~~~\u001b[0m\r\n    'router' is declared here.\r\n\n    at createTSError (C:\\workspace\\08-node-typescrypt\\node_modules\\ts-node\\src\\index.ts:859:12)\n    at reportTSError (C:\\workspace\\08-node-typescrypt\\node_modules\\ts-node\\src\\index.ts:863:19)\n    at getOutput (C:\\workspace\\08-node-typescrypt\\node_modules\\ts-node\\src\\index.ts:1077:36)\n    at Object.compile (C:\\workspace\\08-node-typescrypt\\node_modules\\ts-node\\src\\index.ts:1433:41)\n    at Module.m._compile (C:\\workspace\\08-node-typescrypt\\node_modules\\ts-node\\src\\index.ts:1617:30)\n    at node:internal/modules/cjs/loader:1893:10\n    at Object.require.extensions.<computed> [as .ts] (C:\\workspace\\08-node-typescrypt\\node_modules\\ts-node\\src\\index.ts:1621:12)\n    at Module.load (node:internal/modules/cjs/loader:1481:32)\n    at Module._load (node:internal/modules/cjs/loader:1300:12)\n    at TracingChannel.traceSync (node:diagnostics_channel:328:14)","os":{"loadavg":[0,0,0],"uptime":12034.859},"process":{"argv":["C:\\workspace\\08-node-typescrypt\\node_modules\\ts-node\\dist\\bin.js","C:\\workspace\\08-node-typescrypt\\src\\index.ts"],"cwd":"C:\\workspace\\08-node-typescrypt","execPath":"C:\\Program Files\\nodejs\\node.exe","gid":null,"memoryUsage":{"arrayBuffers":5166480,"external":8044422,"heapTotal":232747008,"heapUsed":140571392,"rss":287899648},"pid":26496,"uid":null,"version":"v24.12.0"},"stack":"TSError: ⨯ Unable to compile TypeScript:\n\u001b[96msrc/server.ts\u001b[0m:\u001b[93m5\u001b[0m:\u001b[93m10\u001b[0m - \u001b[91merror\u001b[0m\u001b[90m TS2459: \u001b[0mModule '\"../src/routes/index.router\"' declares 'router' locally, but it is not exported.\r\n\r\n\u001b[7m5\u001b[0m import { router } from '../src/routes/index.router';\r\n\u001b[7m \u001b[0m \u001b[91m         ~~~~~~\u001b[0m\r\n\r\n  \u001b[96msrc/routes/index.router.ts\u001b[0m:\u001b[93m2\u001b[0m:\u001b[93m7\u001b[0m\r\n    \u001b[7m2\u001b[0m const router = express.Router();\r\n    \u001b[7m \u001b[0m \u001b[96m      ~~~~~~\u001b[0m\r\n    'router' is declared here.\r\n\n    at createTSError (C:\\workspace\\08-node-typescrypt\\node_modules\\ts-node\\src\\index.ts:859:12)\n    at reportTSError (C:\\workspace\\08-node-typescrypt\\node_modules\\ts-node\\src\\index.ts:863:19)\n    at getOutput (C:\\workspace\\08-node-typescrypt\\node_modules\\ts-node\\src\\index.ts:1077:36)\n    at Object.compile (C:\\workspace\\08-node-typescrypt\\node_modules\\ts-node\\src\\index.ts:1433:41)\n    at Module.m._compile (C:\\workspace\\08-node-typescrypt\\node_modules\\ts-node\\src\\index.ts:1617:30)\n    at node:internal/modules/cjs/loader:1893:10\n    at Object.require.extensions.<computed> [as .ts] (C:\\workspace\\08-node-typescrypt\\node_modules\\ts-node\\src\\index.ts:1621:12)\n    at Module.load (node:internal/modules/cjs/loader:1481:32)\n    at Module._load (node:internal/modules/cjs/loader:1300:12)\n    at TracingChannel.traceSync (node:diagnostics_channel:328:14)","timestamp":"2026-01-06T18:08:10.052Z","trace":[{"column":12,"file":"C:\\workspace\\08-node-typescrypt\\node_modules\\ts-node\\src\\index.ts","function":"createTSError","line":859,"method":null,"native":false},{"column":19,"file":"C:\\workspace\\08-node-typescrypt\\node_modules\\ts-node\\src\\index.ts","function":"reportTSError","line":863,"method":null,"native":false},{"column":36,"file":"C:\\workspace\\08-node-typescrypt\\node_modules\\ts-node\\src\\index.ts","function":"getOutput","line":1077,"method":null,"native":false},{"column":41,"file":"C:\\workspace\\08-node-typescrypt\\node_modules\\ts-node\\src\\index.ts","function":"Object.compile","line":1433,"method":"compile","native":false},{"column":30,"file":"C:\\workspace\\08-node-typescrypt\\node_modules\\ts-node\\src\\index.ts","function":"Module.m._compile","line":1617,"method":"_compile","native":false},{"column":10,"file":"node:internal/modules/cjs/loader","function":null,"line":1893,"method":null,"native":false},{"column":12,"file":"C:\\workspace\\08-node-typescrypt\\node_modules\\ts-node\\src\\index.ts","function":"Object.require.extensions.<computed> [as .ts]","line":1621,"method":"ts]","native":false},{"column":32,"file":"node:internal/modules/cjs/loader","function":"Module.load","line":1481,"method":"load","native":false},{"column":12,"file":"node:internal/modules/cjs/loader","function":"Module._load","line":1300,"method":"_load","native":false},{"column":14,"file":"node:diagnostics_channel","function":"TracingChannel.traceSync","line":328,"method":"traceSync","native":false}]}
{"date":"Tue Jan 06 2026 12:10:07 GMT-0600 (GMT-06:00)","error":{"diagnosticCodes":[2459]},"exception":true,"level":"error","message":"uncaughtException: ⨯ Unable to compile TypeScript:\n\u001b[96msrc/server.ts\u001b[0m:\u001b[93m5\u001b[0m:\u001b[93m10\u001b[0m - \u001b[91merror\u001b[0m\u001b[90m TS2459: \u001b[0mModule '\"../src/routes/index.router\"' declares 'router' locally, but it is not exported.\r\n\r\n\u001b[7m5\u001b[0m import { router } from '../src/routes/index.router';\r\n\u001b[7m \u001b[0m \u001b[91m         ~~~~~~\u001b[0m\r\n\r\n  \u001b[96msrc/routes/index.router.ts\u001b[0m:\u001b[93m2\u001b[0m:\u001b[93m7\u001b[0m\r\n    \u001b[7m2\u001b[0m const router = express.Router();\r\n    \u001b[7m \u001b[0m \u001b[96m      ~~~~~~\u001b[0m\r\n    'router' is declared here.\r\n\nTSError: ⨯ Unable to compile TypeScript:\n\u001b[96msrc/server.ts\u001b[0m:\u001b[93m5\u001b[0m:\u001b[93m10\u001b[0m - \u001b[91merror\u001b[0m\u001b[90m TS2459: \u001b[0mModule '\"../src/routes/index.router\"' declares 'router' locally, but it is not exported.\r\n\r\n\u001b[7m5\u001b[0m import { router } from '../src/routes/index.router';\r\n\u001b[7m \u001b[0m \u001b[91m         ~~~~~~\u001b[0m\r\n\r\n  \u001b[96msrc/routes/index.router.ts\u001b[0m:\u001b[93m2\u001b[0m:\u001b[93m7\u001b[0m\r\n    \u001b[7m2\u001b[0m const router = express.Router();\r\n    \u001b[7m \u001b[0m \u001b[96m      ~~~~~~\u001b[0m\r\n    'router' is declared here.\r\n\n    at createTSError (C:\\workspace\\08-node-typescrypt\\node_modules\\ts-node\\src\\index.ts:859:12)\n    at reportTSError (C:\\workspace\\08-node-typescrypt\\node_modules\\ts-node\\src\\index.ts:863:19)\n    at getOutput (C:\\workspace\\08-node-typescrypt\\node_modules\\ts-node\\src\\index.ts:1077:36)\n    at Object.compile (C:\\workspace\\08-node-typescrypt\\node_modules\\ts-node\\src\\index.ts:1433:41)\n    at Module.m._compile (C:\\workspace\\08-node-typescrypt\\node_modules\\ts-node\\src\\index.ts:1617:30)\n    at node:internal/modules/cjs/loader:1893:10\n    at Object.require.extensions.<computed> [as .ts] (C:\\workspace\\08-node-typescrypt\\node_modules\\ts-node\\src\\index.ts:1621:12)\n    at Module.load (node:internal/modules/cjs/loader:1481:32)\n    at Module._load (node:internal/modules/cjs/loader:1300:12)\n    at TracingChannel.traceSync (node:diagnostics_channel:328:14)","os":{"loadavg":[0,0,0],"uptime":12152.156},"process":{"argv":["C:\\workspace\\08-node-typescrypt\\node_modules\\ts-node\\dist\\bin.js","C:\\workspace\\08-node-typescrypt\\src\\index.ts"],"cwd":"C:\\workspace\\08-node-typescrypt","execPath":"C:\\Program Files\\nodejs\\node.exe","gid":null,"memoryUsage":{"arrayBuffers":5166304,"external":8044246,"heapTotal":233009152,"heapUsed":140727984,"rss":287973376},"pid":14796,"uid":null,"version":"v24.12.0"},"stack":"TSError: ⨯ Unable to compile TypeScript:\n\u001b[96msrc/server.ts\u001b[0m:\u001b[93m5\u001b[0m:\u001b[93m10\u001b[0m - \u001b[91merror\u001b[0m\u001b[90m TS2459: \u001b[0mModule '\"../src/routes/index.router\"' declares 'router' locally, but it is not exported.\r\n\r\n\u001b[7m5\u001b[0m import { router } from '../src/routes/index.router';\r\n\u001b[7m \u001b[0m \u001b[91m         ~~~~~~\u001b[0m\r\n\r\n  \u001b[96msrc/routes/index.router.ts\u001b[0m:\u001b[93m2\u001b[0m:\u001b[93m7\u001b[0m\r\n    \u001b[7m2\u001b[0m const router = express.Router();\r\n    \u001b[7m \u001b[0m \u001b[96m      ~~~~~~\u001b[0m\r\n    'router' is declared here.\r\n\n    at createTSError (C:\\workspace\\08-node-typescrypt\\node_modules\\ts-node\\src\\index.ts:859:12)\n    at reportTSError (C:\\workspace\\08-node-typescrypt\\node_modules\\ts-node\\src\\index.ts:863:19)\n    at getOutput (C:\\workspace\\08-node-typescrypt\\node_modules\\ts-node\\src\\index.ts:1077:36)\n    at Object.compile (C:\\workspace\\08-node-typescrypt\\node_modules\\ts-node\\src\\index.ts:1433:41)\n    at Module.m._compile (C:\\workspace\\08-node-typescrypt\\node_modules\\ts-node\\src\\index.ts:1617:30)\n    at node:internal/modules/cjs/loader:1893:10\n    at Object.require.extensions.<computed> [as .ts] (C:\\workspace\\08-node-typescrypt\\node_modules\\ts-node\\src\\index.ts:1621:12)\n    at Module.load (node:internal/modules/cjs/loader:1481:32)\n    at Module._load (node:internal/modules/cjs/loader:1300:12)\n    at TracingChannel.traceSync (node:diagnostics_channel:328:14)","timestamp":"2026-01-06T18:10:07.352Z","trace":[{"column":12,"file":"C:\\workspace\\08-node-typescrypt\\node_modules\\ts-node\\src\\index.ts","function":"createTSError","line":859,"method":null,"native":false},{"column":19,"file":"C:\\workspace\\08-node-typescrypt\\node_modules\\ts-node\\src\\index.ts","function":"reportTSError","line":863,"method":null,"native":false},{"column":36,"file":"C:\\workspace\\08-node-typescrypt\\node_modules\\ts-node\\src\\index.ts","function":"getOutput","line":1077,"method":null,"native":false},{"column":41,"file":"C:\\workspace\\08-node-typescrypt\\node_modules\\ts-node\\src\\index.ts","function":"Object.compile","line":1433,"method":"compile","native":false},{"column":30,"file":"C:\\workspace\\08-node-typescrypt\\node_modules\\ts-node\\src\\index.ts","function":"Module.m._compile","line":1617,"method":"_compile","native":false},{"column":10,"file":"node:internal/modules/cjs/loader","function":null,"line":1893,"method":null,"native":false},{"column":12,"file":"C:\\workspace\\08-node-typescrypt\\node_modules\\ts-node\\src\\index.ts","function":"Object.require.extensions.<computed> [as .ts]","line":1621,"method":"ts]","native":false},{"column":32,"file":"node:internal/modules/cjs/loader","function":"Module.load","line":1481,"method":"load","native":false},{"column":12,"file":"node:internal/modules/cjs/loader","function":"Module._load","line":1300,"method":"_load","native":false},{"column":14,"file":"node:diagnostics_channel","function":"TracingChannel.traceSync","line":328,"method":"traceSync","native":false}]}
{"date":"Tue Jan 06 2026 12:12:17 GMT-0600 (GMT-06:00)","error":{"diagnosticCodes":[2614]},"exception":true,"level":"error","message":"uncaughtException: ⨯ Unable to compile TypeScript:\n\u001b[96msrc/server.ts\u001b[0m:\u001b[93m5\u001b[0m:\u001b[93m10\u001b[0m - \u001b[91merror\u001b[0m\u001b[90m TS2614: \u001b[0mModule '\"../src/routes/index.router\"' has no exported member 'router'. Did you mean to use 'import router from \"../src/routes/index.router\"' instead?\r\n\r\n\u001b[7m5\u001b[0m import { router } from '../src/routes/index.router';\r\n\u001b[7m \u001b[0m \u001b[91m         ~~~~~~\u001b[0m\r\n\nTSError: ⨯ Unable to compile TypeScript:\n\u001b[96msrc/server.ts\u001b[0m:\u001b[93m5\u001b[0m:\u001b[93m10\u001b[0m - \u001b[91merror\u001b[0m\u001b[90m TS2614: \u001b[0mModule '\"../src/routes/index.router\"' has no exported member 'router'. Did you mean to use 'import router from \"../src/routes/index.router\"' instead?\r\n\r\n\u001b[7m5\u001b[0m import { router } from '../src/routes/index.router';\r\n\u001b[7m \u001b[0m \u001b[91m         ~~~~~~\u001b[0m\r\n\n    at createTSError (C:\\workspace\\08-node-typescrypt\\node_modules\\ts-node\\src\\index.ts:859:12)\n    at reportTSError (C:\\workspace\\08-node-typescrypt\\node_modules\\ts-node\\src\\index.ts:863:19)\n    at getOutput (C:\\workspace\\08-node-typescrypt\\node_modules\\ts-node\\src\\index.ts:1077:36)\n    at Object.compile (C:\\workspace\\08-node-typescrypt\\node_modules\\ts-node\\src\\index.ts:1433:41)\n    at Module.m._compile (C:\\workspace\\08-node-typescrypt\\node_modules\\ts-node\\src\\index.ts:1617:30)\n    at node:internal/modules/cjs/loader:1893:10\n    at Object.require.extensions.<computed> [as .ts] (C:\\workspace\\08-node-typescrypt\\node_modules\\ts-node\\src\\index.ts:1621:12)\n    at Module.load (node:internal/modules/cjs/loader:1481:32)\n    at Module._load (node:internal/modules/cjs/loader:1300:12)\n    at TracingChannel.traceSync (node:diagnostics_channel:328:14)","os":{"loadavg":[0,0,0],"uptime":12282.781},"process":{"argv":["C:\\workspace\\08-node-typescrypt\\node_modules\\ts-node\\dist\\bin.js","C:\\workspace\\08-node-typescrypt\\src\\index.ts"],"cwd":"C:\\workspace\\08-node-typescrypt","execPath":"C:\\Program Files\\nodejs\\node.exe","gid":null,"memoryUsage":{"arrayBuffers":5153076,"external":8078463,"heapTotal":234057728,"heapUsed":141182584,"rss":288751616},"pid":28824,"uid":null,"version":"v24.12.0"},"stack":"TSError: ⨯ Unable to compile TypeScript:\n\u001b[96msrc/server.ts\u001b[0m:\u001b[93m5\u001b[0m:\u001b[93m10\u001b[0m - \u001b[91merror\u001b[0m\u001b[90m TS2614: \u001b[0mModule '\"../src/routes/index.router\"' has no exported member 'router'. Did you mean to use 'import router from \"../src/routes/index.router\"' instead?\r\n\r\n\u001b[7m5\u001b[0m import { router } from '../src/routes/index.router';\r\n\u001b[7m \u001b[0m \u001b[91m         ~~~~~~\u001b[0m\r\n\n    at createTSError (C:\\workspace\\08-node-typescrypt\\node_modules\\ts-node\\src\\index.ts:859:12)\n    at reportTSError (C:\\workspace\\08-node-typescrypt\\node_modules\\ts-node\\src\\index.ts:863:19)\n    at getOutput (C:\\workspace\\08-node-typescrypt\\node_modules\\ts-node\\src\\index.ts:1077:36)\n    at Object.compile (C:\\workspace\\08-node-typescrypt\\node_modules\\ts-node\\src\\index.ts:1433:41)\n    at Module.m._compile (C:\\workspace\\08-node-typescrypt\\node_modules\\ts-node\\src\\index.ts:1617:30)\n    at node:internal/modules/cjs/loader:1893:10\n    at Object.require.extensions.<computed> [as .ts] (C:\\workspace\\08-node-typescrypt\\node_modules\\ts-node\\src\\index.ts:1621:12)\n    at Module.load (node:internal/modules/cjs/loader:1481:32)\n    at Module._load (node:internal/modules/cjs/loader:1300:12)\n    at TracingChannel.traceSync (node:diagnostics_channel:328:14)","timestamp":"2026-01-06T18:12:17.978Z","trace":[{"column":12,"file":"C:\\workspace\\08-node-typescrypt\\node_modules\\ts-node\\src\\index.ts","function":"createTSError","line":859,"method":null,"native":false},{"column":19,"file":"C:\\workspace\\08-node-typescrypt\\node_modules\\ts-node\\src\\index.ts","function":"reportTSError","line":863,"method":null,"native":false},{"column":36,"file":"C:\\workspace\\08-node-typescrypt\\node_modules\\ts-node\\src\\index.ts","function":"getOutput","line":1077,"method":null,"native":false},{"column":41,"file":"C:\\workspace\\08-node-typescrypt\\node_modules\\ts-node\\src\\index.ts","function":"Object.compile","line":1433,"method":"compile","native":false},{"column":30,"file":"C:\\workspace\\08-node-typescrypt\\node_modules\\ts-node\\src\\index.ts","function":"Module.m._compile","line":1617,"method":"_compile","native":false},{"column":10,"file":"node:internal/modules/cjs/loader","function":null,"line":1893,"method":null,"native":false},{"column":12,"file":"C:\\workspace\\08-node-typescrypt\\node_modules\\ts-node\\src\\index.ts","function":"Object.require.extensions.<computed> [as .ts]","line":1621,"method":"ts]","native":false},{"column":32,"file":"node:internal/modules/cjs/loader","function":"Module.load","line":1481,"method":"load","native":false},{"column":12,"file":"node:internal/modules/cjs/loader","function":"Module._load","line":1300,"method":"_load","native":false},{"column":14,"file":"node:diagnostics_channel","function":"TracingChannel.traceSync","line":328,"method":"traceSync","native":false}]}
{"date":"Tue Jan 06 2026 17:51:57 GMT-0600 (GMT-06:00)","error":{"diagnosticCodes":[2339]},"exception":true,"level":"error","message":"uncaughtException: ⨯ Unable to compile TypeScript:\n\u001b[96msrc/funciones/funciones.ts\u001b[0m:\u001b[93m8\u001b[0m:\u001b[93m31\u001b[0m - \u001b[91merror\u001b[0m\u001b[90m TS2339: \u001b[0mProperty 'from' does not exist on type 'typeof import(\"buffer\")'.\r\n\r\n\u001b[7m8\u001b[0m         const buffer = Buffer.from(cadena, 'utf8');\r\n\u001b[7m \u001b[0m \u001b[91m                              ~~~~\u001b[0m\r\n\nTSError: ⨯ Unable to compile TypeScript:\n\u001b[96msrc/funciones/funciones.ts\u001b[0m:\u001b[93m8\u001b[0m:\u001b[93m31\u001b[0m - \u001b[91merror\u001b[0m\u001b[90m TS2339: \u001b[0mProperty 'from' does not exist on type 'typeof import(\"buffer\")'.\r\n\r\n\u001b[7m8\u001b[0m         const buffer = Buffer.from(cadena, 'utf8');\r\n\u001b[7m \u001b[0m \u001b[91m                              ~~~~\u001b[0m\r\n\n    at createTSError (C:\\workspace\\08-node-typescrypt\\node_modules\\ts-node\\src\\index.ts:859:12)\n    at reportTSError (C:\\workspace\\08-node-typescrypt\\node_modules\\ts-node\\src\\index.ts:863:19)\n    at getOutput (C:\\workspace\\08-node-typescrypt\\node_modules\\ts-node\\src\\index.ts:1077:36)\n    at Object.compile (C:\\workspace\\08-node-typescrypt\\node_modules\\ts-node\\src\\index.ts:1433:41)\n    at Module.m._compile (C:\\workspace\\08-node-typescrypt\\node_modules\\ts-node\\src\\index.ts:1617:30)\n    at node:internal/modules/cjs/loader:1893:10\n    at Object.require.extensions.<computed> [as .ts] (C:\\workspace\\08-node-typescrypt\\node_modules\\ts-node\\src\\index.ts:1621:12)\n    at Module.load (node:internal/modules/cjs/loader:1481:32)\n    at Module._load (node:internal/modules/cjs/loader:1300:12)\n    at TracingChannel.traceSync (node:diagnostics_channel:328:14)","os":{"loadavg":[0,0,0],"uptime":32662.328},"process":{"argv":["C:\\Program Files\\nodejs\\node.exe","C:\\workspace\\08-node-typescrypt\\src\\server.ts"],"cwd":"C:\\workspace\\08-node-typescrypt","execPath":"C:\\Program Files\\nodejs\\node.exe","gid":null,"memoryUsage":{"arrayBuffers":10266215,"external":13532969,"heapTotal":238559232,"heapUsed":167888448,"rss":306647040},"pid":14700,"uid":null,"version":"v24.12.0"},"stack":"TSError: ⨯ Unable to compile TypeScript:\n\u001b[96msrc/funciones/funciones.ts\u001b[0m:\u001b[93m8\u001b[0m:\u001b[93m31\u001b[0m - \u001b[91merror\u001b[0m\u001b[90m TS2339: \u001b[0mProperty 'from' does not exist on type 'typeof import(\"buffer\")'.\r\n\r\n\u001b[7m8\u001b[0m         const buffer = Buffer.from(cadena, 'utf8');\r\n\u001b[7m \u001b[0m \u001b[91m                              ~~~~\u001b[0m\r\n\n    at createTSError (C:\\workspace\\08-node-typescrypt\\node_modules\\ts-node\\src\\index.ts:859:12)\n    at reportTSError (C:\\workspace\\08-node-typescrypt\\node_modules\\ts-node\\src\\index.ts:863:19)\n    at getOutput (C:\\workspace\\08-node-typescrypt\\node_modules\\ts-node\\src\\index.ts:1077:36)\n    at Object.compile (C:\\workspace\\08-node-typescrypt\\node_modules\\ts-node\\src\\index.ts:1433:41)\n    at Module.m._compile (C:\\workspace\\08-node-typescrypt\\node_modules\\ts-node\\src\\index.ts:1617:30)\n    at node:internal/modules/cjs/loader:1893:10\n    at Object.require.extensions.<computed> [as .ts] (C:\\workspace\\08-node-typescrypt\\node_modules\\ts-node\\src\\index.ts:1621:12)\n    at Module.load (node:internal/modules/cjs/loader:1481:32)\n    at Module._load (node:internal/modules/cjs/loader:1300:12)\n    at TracingChannel.traceSync (node:diagnostics_channel:328:14)","timestamp":"2026-01-06T23:51:57.534Z","trace":[{"column":12,"file":"C:\\workspace\\08-node-typescrypt\\node_modules\\ts-node\\src\\index.ts","function":"createTSError","line":859,"method":null,"native":false},{"column":19,"file":"C:\\workspace\\08-node-typescrypt\\node_modules\\ts-node\\src\\index.ts","function":"reportTSError","line":863,"method":null,"native":false},{"column":36,"file":"C:\\workspace\\08-node-typescrypt\\node_modules\\ts-node\\src\\index.ts","function":"getOutput","line":1077,"method":null,"native":false},{"column":41,"file":"C:\\workspace\\08-node-typescrypt\\node_modules\\ts-node\\src\\index.ts","function":"Object.compile","line":1433,"method":"compile","native":false},{"column":30,"file":"C:\\workspace\\08-node-typescrypt\\node_modules\\ts-node\\src\\index.ts","function":"Module.m._compile","line":1617,"method":"_compile","native":false},{"column":10,"file":"node:internal/modules/cjs/loader","function":null,"line":1893,"method":null,"native":false},{"column":12,"file":"C:\\workspace\\08-node-typescrypt\\node_modules\\ts-node\\src\\index.ts","function":"Object.require.extensions.<computed> [as .ts]","line":1621,"method":"ts]","native":false},{"column":32,"file":"node:internal/modules/cjs/loader","function":"Module.load","line":1481,"method":"load","native":false},{"column":12,"file":"node:internal/modules/cjs/loader","function":"Module._load","line":1300,"method":"_load","native":false},{"column":14,"file":"node:diagnostics_channel","function":"TracingChannel.traceSync","line":328,"method":"traceSync","native":false}]}
{"date":"Tue Jan 06 2026 17:52:14 GMT-0600 (GMT-06:00)","error":{"diagnosticCodes":[2339]},"exception":true,"level":"error","message":"uncaughtException: ⨯ Unable to compile TypeScript:\n\u001b[96msrc/funciones/funciones.ts\u001b[0m:\u001b[93m8\u001b[0m:\u001b[93m31\u001b[0m - \u001b[91merror\u001b[0m\u001b[90m TS2339: \u001b[0mProperty 'from' does not exist on type 'typeof import(\"buffer\")'.\r\n\r\n\u001b[7m8\u001b[0m         const buffer = Buffer.from(cadena, 'utf8');\r\n\u001b[7m \u001b[0m \u001b[91m                              ~~~~\u001b[0m\r\n\nTSError: ⨯ Unable to compile TypeScript:\n\u001b[96msrc/funciones/funciones.ts\u001b[0m:\u001b[93m8\u001b[0m:\u001b[93m31\u001b[0m - \u001b[91merror\u001b[0m\u001b[90m TS2339: \u001b[0mProperty 'from' does not exist on type 'typeof import(\"buffer\")'.\r\n\r\n\u001b[7m8\u001b[0m         const buffer = Buffer.from(cadena, 'utf8');\r\n\u001b[7m \u001b[0m \u001b[91m                              ~~~~\u001b[0m\r\n\n    at createTSError (C:\\workspace\\08-node-typescrypt\\node_modules\\ts-node\\src\\index.ts:859:12)\n    at reportTSError (C:\\workspace\\08-node-typescrypt\\node_modules\\ts-node\\src\\index.ts:863:19)\n    at getOutput (C:\\workspace\\08-node-typescrypt\\node_modules\\ts-node\\src\\index.ts:1077:36)\n    at Object.compile (C:\\workspace\\08-node-typescrypt\\node_modules\\ts-node\\src\\index.ts:1433:41)\n    at Module.m._compile (C:\\workspace\\08-node-typescrypt\\node_modules\\ts-node\\src\\index.ts:1617:30)\n    at node:internal/modules/cjs/loader:1893:10\n    at Object.require.extensions.<computed> [as .ts] (C:\\workspace\\08-node-typescrypt\\node_modules\\ts-node\\src\\index.ts:1621:12)\n    at Module.load (node:internal/modules/cjs/loader:1481:32)\n    at Module._load (node:internal/modules/cjs/loader:1300:12)\n    at TracingChannel.traceSync (node:diagnostics_channel:328:14)","os":{"loadavg":[0,0,0],"uptime":32678.984},"process":{"argv":["C:\\Program Files\\nodejs\\node.exe","C:\\workspace\\08-node-typescrypt\\src\\server.ts"],"cwd":"C:\\workspace\\08-node-typescrypt","execPath":"C:\\Program Files\\nodejs\\node.exe","gid":null,"memoryUsage":{"arrayBuffers":5171423,"external":8438177,"heapTotal":248651776,"heapUsed":177917176,"rss":311537664},"pid":12424,"uid":null,"version":"v24.12.0"},"stack":"TSError: ⨯ Unable to compile TypeScript:\n\u001b[96msrc/funciones/funciones.ts\u001b[0m:\u001b[93m8\u001b[0m:\u001b[93m31\u001b[0m - \u001b[91merror\u001b[0m\u001b[90m TS2339: \u001b[0mProperty 'from' does not exist on type 'typeof import(\"buffer\")'.\r\n\r\n\u001b[7m8\u001b[0m         const buffer = Buffer.from(cadena, 'utf8');\r\n\u001b[7m \u001b[0m \u001b[91m                              ~~~~\u001b[0m\r\n\n    at createTSError (C:\\workspace\\08-node-typescrypt\\node_modules\\ts-node\\src\\index.ts:859:12)\n    at reportTSError (C:\\workspace\\08-node-typescrypt\\node_modules\\ts-node\\src\\index.ts:863:19)\n    at getOutput (C:\\workspace\\08-node-typescrypt\\node_modules\\ts-node\\src\\index.ts:1077:36)\n    at Object.compile (C:\\workspace\\08-node-typescrypt\\node_modules\\ts-node\\src\\index.ts:1433:41)\n    at Module.m._compile (C:\\workspace\\08-node-typescrypt\\node_modules\\ts-node\\src\\index.ts:1617:30)\n    at node:internal/modules/cjs/loader:1893:10\n    at Object.require.extensions.<computed> [as .ts] (C:\\workspace\\08-node-typescrypt\\node_modules\\ts-node\\src\\index.ts:1621:12)\n    at Module.load (node:internal/modules/cjs/loader:1481:32)\n    at Module._load (node:internal/modules/cjs/loader:1300:12)\n    at TracingChannel.traceSync (node:diagnostics_channel:328:14)","timestamp":"2026-01-06T23:52:14.190Z","trace":[{"column":12,"file":"C:\\workspace\\08-node-typescrypt\\node_modules\\ts-node\\src\\index.ts","function":"createTSError","line":859,"method":null,"native":false},{"column":19,"file":"C:\\workspace\\08-node-typescrypt\\node_modules\\ts-node\\src\\index.ts","function":"reportTSError","line":863,"method":null,"native":false},{"column":36,"file":"C:\\workspace\\08-node-typescrypt\\node_modules\\ts-node\\src\\index.ts","function":"getOutput","line":1077,"method":null,"native":false},{"column":41,"file":"C:\\workspace\\08-node-typescrypt\\node_modules\\ts-node\\src\\index.ts","function":"Object.compile","line":1433,"method":"compile","native":false},{"column":30,"file":"C:\\workspace\\08-node-typescrypt\\node_modules\\ts-node\\src\\index.ts","function":"Module.m._compile","line":1617,"method":"_compile","native":false},{"column":10,"file":"node:internal/modules/cjs/loader","function":null,"line":1893,"method":null,"native":false},{"column":12,"file":"C:\\workspace\\08-node-typescrypt\\node_modules\\ts-node\\src\\index.ts","function":"Object.require.extensions.<computed> [as .ts]","line":1621,"method":"ts]","native":false},{"column":32,"file":"node:internal/modules/cjs/loader","function":"Module.load","line":1481,"method":"load","native":false},{"column":12,"file":"node:internal/modules/cjs/loader","function":"Module._load","line":1300,"method":"_load","native":false},{"column":14,"file":"node:diagnostics_channel","function":"TracingChannel.traceSync","line":328,"method":"traceSync","native":false}]}
{"date":"Tue Jan 06 2026 17:52:42 GMT-0600 (GMT-06:00)","error":{"diagnosticCodes":[2339]},"exception":true,"level":"error","message":"uncaughtException: ⨯ Unable to compile TypeScript:\n\u001b[96msrc/funciones/funciones.ts\u001b[0m:\u001b[93m8\u001b[0m:\u001b[93m31\u001b[0m - \u001b[91merror\u001b[0m\u001b[90m TS2339: \u001b[0mProperty 'from' does not exist on type 'typeof import(\"buffer\")'.\r\n\r\n\u001b[7m8\u001b[0m         const buffer = Buffer.from(cadena, 'utf8');\r\n\u001b[7m \u001b[0m \u001b[91m                              ~~~~\u001b[0m\r\n\nTSError: ⨯ Unable to compile TypeScript:\n\u001b[96msrc/funciones/funciones.ts\u001b[0m:\u001b[93m8\u001b[0m:\u001b[93m31\u001b[0m - \u001b[91merror\u001b[0m\u001b[90m TS2339: \u001b[0mProperty 'from' does not exist on type 'typeof import(\"buffer\")'.\r\n\r\n\u001b[7m8\u001b[0m         const buffer = Buffer.from(cadena, 'utf8');\r\n\u001b[7m \u001b[0m \u001b[91m                              ~~~~\u001b[0m\r\n\n    at createTSError (C:\\workspace\\08-node-typescrypt\\node_modules\\ts-node\\src\\index.ts:859:12)\n    at reportTSError (C:\\workspace\\08-node-typescrypt\\node_modules\\ts-node\\src\\index.ts:863:19)\n    at getOutput (C:\\workspace\\08-node-typescrypt\\node_modules\\ts-node\\src\\index.ts:1077:36)\n    at Object.compile (C:\\workspace\\08-node-typescrypt\\node_modules\\ts-node\\src\\index.ts:1433:41)\n    at Module.m._compile (C:\\workspace\\08-node-typescrypt\\node_modules\\ts-node\\src\\index.ts:1617:30)\n    at node:internal/modules/cjs/loader:1893:10\n    at Object.require.extensions.<computed> [as .ts] (C:\\workspace\\08-node-typescrypt\\node_modules\\ts-node\\src\\index.ts:1621:12)\n    at Module.load (node:internal/modules/cjs/loader:1481:32)\n    at Module._load (node:internal/modules/cjs/loader:1300:12)\n    at TracingChannel.traceSync (node:diagnostics_channel:328:14)","os":{"loadavg":[0,0,0],"uptime":32707.187},"process":{"argv":["C:\\workspace\\08-node-typescrypt\\node_modules\\ts-node\\dist\\bin.js","C:\\workspace\\08-node-typescrypt\\src\\server.ts"],"cwd":"C:\\workspace\\08-node-typescrypt","execPath":"C:\\Program Files\\nodejs\\node.exe","gid":null,"memoryUsage":{"arrayBuffers":7718783,"external":10985537,"heapTotal":237146112,"heapUsed":162196408,"rss":298700800},"pid":34652,"uid":null,"version":"v24.12.0"},"stack":"TSError: ⨯ Unable to compile TypeScript:\n\u001b[96msrc/funciones/funciones.ts\u001b[0m:\u001b[93m8\u001b[0m:\u001b[93m31\u001b[0m - \u001b[91merror\u001b[0m\u001b[90m TS2339: \u001b[0mProperty 'from' does not exist on type 'typeof import(\"buffer\")'.\r\n\r\n\u001b[7m8\u001b[0m         const buffer = Buffer.from(cadena, 'utf8');\r\n\u001b[7m \u001b[0m \u001b[91m                              ~~~~\u001b[0m\r\n\n    at createTSError (C:\\workspace\\08-node-typescrypt\\node_modules\\ts-node\\src\\index.ts:859:12)\n    at reportTSError (C:\\workspace\\08-node-typescrypt\\node_modules\\ts-node\\src\\index.ts:863:19)\n    at getOutput (C:\\workspace\\08-node-typescrypt\\node_modules\\ts-node\\src\\index.ts:1077:36)\n    at Object.compile (C:\\workspace\\08-node-typescrypt\\node_modules\\ts-node\\src\\index.ts:1433:41)\n    at Module.m._compile (C:\\workspace\\08-node-typescrypt\\node_modules\\ts-node\\src\\index.ts:1617:30)\n    at node:internal/modules/cjs/loader:1893:10\n    at Object.require.extensions.<computed> [as .ts] (C:\\workspace\\08-node-typescrypt\\node_modules\\ts-node\\src\\index.ts:1621:12)\n    at Module.load (node:internal/modules/cjs/loader:1481:32)\n    at Module._load (node:internal/modules/cjs/loader:1300:12)\n    at TracingChannel.traceSync (node:diagnostics_channel:328:14)","timestamp":"2026-01-06T23:52:42.382Z","trace":[{"column":12,"file":"C:\\workspace\\08-node-typescrypt\\node_modules\\ts-node\\src\\index.ts","function":"createTSError","line":859,"method":null,"native":false},{"column":19,"file":"C:\\workspace\\08-node-typescrypt\\node_modules\\ts-node\\src\\index.ts","function":"reportTSError","line":863,"method":null,"native":false},{"column":36,"file":"C:\\workspace\\08-node-typescrypt\\node_modules\\ts-node\\src\\index.ts","function":"getOutput","line":1077,"method":null,"native":false},{"column":41,"file":"C:\\workspace\\08-node-typescrypt\\node_modules\\ts-node\\src\\index.ts","function":"Object.compile","line":1433,"method":"compile","native":false},{"column":30,"file":"C:\\workspace\\08-node-typescrypt\\node_modules\\ts-node\\src\\index.ts","function":"Module.m._compile","line":1617,"method":"_compile","native":false},{"column":10,"file":"node:internal/modules/cjs/loader","function":null,"line":1893,"method":null,"native":false},{"column":12,"file":"C:\\workspace\\08-node-typescrypt\\node_modules\\ts-node\\src\\index.ts","function":"Object.require.extensions.<computed> [as .ts]","line":1621,"method":"ts]","native":false},{"column":32,"file":"node:internal/modules/cjs/loader","function":"Module.load","line":1481,"method":"load","native":false},{"column":12,"file":"node:internal/modules/cjs/loader","function":"Module._load","line":1300,"method":"_load","native":false},{"column":14,"file":"node:diagnostics_channel","function":"TracingChannel.traceSync","line":328,"method":"traceSync","native":false}]}
